<?xml version="1.0" encoding="UTF-8"?>
<!-- Generated by org.testng.reporters.JUnitReportReporter -->
<testsuite hostname="LAPTOP-Q2QMO8L8" failures="0" tests="1" name="com.crm.gleantapauto.tests.login" time="18.181" errors="0" timestamp="2024-08-05T22:08:59 IST" skipped="0">
  <testcase classname="com.crm.gleantapauto.tests.login" name="Verifylogin" time="18.181"/>
  <system-out/>
</testsuite> <!-- com.crm.gleantapauto.tests.login -->
